<?xml version="1.0" encoding="UTF-8"?>
<!-- Generated by org.testng.reporters.JUnitReportReporter -->
<testsuite hostname="DESKTOP-C5KPPTM" failures="0" tests="1" name="execution.Tests" time="26.220" errors="0" timestamp="2023-01-06T23:20:14 ICT" skipped="0">
  <testcase classname="execution.Tests" name="TC_SignIn" time="26.220"/>
  <system-out/>
</testsuite> <!-- execution.Tests -->
